2024-12-13 12:41:00 : 115P loadずnum쯑name¾켹┬\

2024-12-13 12:42:21 : 115P areaずnum쯑name¾켹┬\

2024-12-13 12:42:21 : 115P areaずnum쯑name¾켹┬\

2024-12-13 12:43:43 : 115P busずnum쯑name¾켹┬\

2024-12-13 12:43:43 : 115P busずnum쯑name¾켹┬\

2024-12-13 12:43:43 : 115P busずnum쯑name¾켹┬\

2024-12-13 12:45:06 : 115P zoneずnum쯑name¾켹┬\

2024-12-13 12:45:06 : 115P zoneずnum쯑name¾켹┬\

2024-12-13 12:45:06 : 115P zoneずnum쯑name¾켹┬\

2024-12-13 12:45:06 : 115P zoneずnum쯑name¾켹┬\

2024-12-13 12:46:28 : 115P ownerずnum쯑name¾켹┬\

2024-12-13 12:46:28 : 115P ownerずnum쯑name¾켹┬\

2024-12-13 12:46:28 : 115P ownerずnum쯑name¾켹┬\

2024-12-13 12:46:28 : 115P ownerずnum쯑name¾켹┬\

2024-12-13 12:46:28 : 115P ownerずnum쯑name¾켹┬\

2024-12-13 12:47:50 : 115P machineずnum쯑name¾켹┬\

2024-12-13 12:47:50 : 115P machineずnum쯑name¾켹┬\

2024-12-13 12:47:50 : 115P machineずnum쯑name¾켹┬\

2024-12-13 12:47:50 : 115P machineずnum쯑name¾켹┬\

2024-12-13 12:47:50 : 115P machineずnum쯑name¾켹┬\

2024-12-13 12:47:50 : 115P machineずnum쯑name¾켹┬\

2024-12-13 12:49:11 : 115P triplineずnum쯑name¾켹┬\

2024-12-13 12:49:11 : 115P triplineずnum쯑name¾켹┬\

2024-12-13 12:49:11 : 115P triplineずnum쯑name¾켹┬\

2024-12-13 12:49:11 : 115P triplineずnum쯑name¾켹┬\

2024-12-13 12:49:11 : 115P triplineずnum쯑name¾켹┬\

2024-12-13 12:49:11 : 115P triplineずnum쯑name¾켹┬\

2024-12-13 12:49:11 : 115P triplineずnum쯑name¾켹┬\

