2024-12-10 16:55:03 : args["NUMAREA"]>> 0
2024-12-10 16:55:03 : args["AREAS"]>> []
2024-12-10 16:55:03 : args["NUMZONE"]>> 1
2024-12-10 16:55:03 : args["ZONES"]>> [18]
2024-12-10 16:55:03 : args["NUMOWNER"]>> 0
2024-12-10 16:55:03 : args["OWNERS"]>> []
2024-12-10 16:55:03 : maxbasekv>> 161.0
2024-12-10 16:55:03 : minbasekv>> 161.0
2024-12-11 15:27:54 : args["NUMAREA"]>> 0
2024-12-11 15:27:54 : args["AREAS"]>> []
2024-12-11 15:27:54 : args["NUMZONE"]>> 0
2024-12-11 15:27:54 : args["ZONES"]>> []
2024-12-11 15:27:54 : args["NUMOWNER"]>> 1
2024-12-11 15:27:54 : args["OWNERS"]>> [144]
2024-12-11 15:27:54 : maxbasekv>> 161.0
2024-12-11 15:27:54 : minbasekv>> 161.0
2024-12-13 11:12:28 : args["NUMAREA"]>> 0
2024-12-13 11:12:28 : args["AREAS"]>> []
2024-12-13 11:12:28 : args["NUMZONE"]>> 0
2024-12-13 11:12:28 : args["ZONES"]>> []
2024-12-13 11:12:28 : args["NUMOWNER"]>> 1
2024-12-13 11:12:28 : args["OWNERS"]>> [142]
2024-12-13 11:12:28 : maxbasekv>> 161.0
2024-12-13 11:12:28 : minbasekv>> 161.0
2024-12-20 07:48:23 : [WinError 2] 系統找不到指定的檔案。: '../Data/User/621882/IDV/temp.idv'
2025-01-14 13:23:53 : args["NUMAREA"]>> 0
2025-01-14 13:23:53 : args["AREAS"]>> []
2025-01-14 13:23:53 : args["NUMZONE"]>> 1
2025-01-14 13:23:53 : args["ZONES"]>> [18]
2025-01-14 13:23:53 : args["NUMOWNER"]>> 0
2025-01-14 13:23:53 : args["OWNERS"]>> []
2025-01-14 13:23:53 : maxbasekv>> 161.0
2025-01-14 13:23:53 : minbasekv>> 161.0
2025-01-14 13:54:33 : args["NUMAREA"]>> 0
2025-01-14 13:54:33 : args["AREAS"]>> []
2025-01-14 13:54:33 : args["NUMZONE"]>> 1
2025-01-14 13:54:33 : args["ZONES"]>> [18]
2025-01-14 13:54:33 : args["NUMOWNER"]>> 0
2025-01-14 13:54:33 : args["OWNERS"]>> []
2025-01-14 13:54:33 : maxbasekv>> 161.0
2025-01-14 13:54:33 : minbasekv>> 161.0
2025-01-22 09:23:55 : args["NUMAREA"]>> 1
2025-01-22 09:23:55 : args["AREAS"]>> [1]
2025-01-22 09:23:55 : args["NUMZONE"]>> 1
2025-01-22 09:23:55 : args["ZONES"]>> [1]
2025-01-22 09:23:55 : args["NUMOWNER"]>> 0
2025-01-22 09:23:55 : args["OWNERS"]>> []
2025-01-22 09:23:55 : maxbasekv>> 345.0
2025-01-22 09:23:55 : minbasekv>> 161.0
2025-01-22 09:50:12 : args["NUMAREA"]>> 1
2025-01-22 09:50:12 : args["AREAS"]>> [1]
2025-01-22 09:50:12 : args["NUMZONE"]>> 1
2025-01-22 09:50:12 : args["ZONES"]>> [1]
2025-01-22 09:50:12 : args["NUMOWNER"]>> 0
2025-01-22 09:50:12 : args["OWNERS"]>> []
2025-01-22 09:50:12 : maxbasekv>> 345.0
2025-01-22 09:50:12 : minbasekv>> 161.0
2025-02-07 14:47:54 : args["NUMAREA"]>> 1
2025-02-07 14:47:54 : args["AREAS"]>> [1]
2025-02-07 14:47:54 : args["NUMZONE"]>> 0
2025-02-07 14:47:54 : args["ZONES"]>> []
2025-02-07 14:47:54 : args["NUMOWNER"]>> 0
2025-02-07 14:47:54 : args["OWNERS"]>> []
2025-02-07 14:47:54 : maxbasekv>> 161.0
2025-02-07 14:47:54 : minbasekv>> 161.0
2025-02-12 17:09:16 : args["NUMAREA"]>> 1
2025-02-12 17:09:16 : args["AREAS"]>> [1]
2025-02-12 17:09:16 : args["NUMZONE"]>> 0
2025-02-12 17:09:16 : args["ZONES"]>> []
2025-02-12 17:09:16 : args["NUMOWNER"]>> 0
2025-02-12 17:09:16 : args["OWNERS"]>> []
2025-02-12 17:09:16 : maxbasekv>> 161.0
2025-02-12 17:09:16 : minbasekv>> 161.0
2025-02-17 11:29:49 : args["NUMAREA"]>> 1
2025-02-17 11:29:49 : args["AREAS"]>> [1]
2025-02-17 11:29:49 : args["NUMZONE"]>> 0
2025-02-17 11:29:49 : args["ZONES"]>> []
2025-02-17 11:29:49 : args["NUMOWNER"]>> 0
2025-02-17 11:29:49 : args["OWNERS"]>> []
2025-02-17 11:29:49 : maxbasekv>> 345.0
2025-02-17 11:29:49 : minbasekv>> 161.0
2025-02-17 11:31:32 : args["NUMAREA"]>> 1
2025-02-17 11:31:32 : args["AREAS"]>> [1]
2025-02-17 11:31:32 : args["NUMZONE"]>> 0
2025-02-17 11:31:32 : args["ZONES"]>> []
2025-02-17 11:31:32 : args["NUMOWNER"]>> 0
2025-02-17 11:31:32 : args["OWNERS"]>> []
2025-02-17 11:31:32 : maxbasekv>> 345.0
2025-02-17 11:31:32 : minbasekv>> 161.0
