2024-12-11 15:24:38 : args["NUMZONE"]>> 1
2024-12-11 15:24:38 : args["ZONES"]>> [18]
2024-12-11 15:24:38 : userfolder>> ../Data/User/621882
2024-12-11 15:24:38 : maxbasekv>> 161.0
2024-12-11 15:24:38 : minbasekv>> 161.0
2024-12-13 09:51:42 : args["NUMZONE"]>> 1
2024-12-13 09:51:42 : args["ZONES"]>> [1]
2024-12-13 09:51:42 : userfolder>> ../Data/User/621882
2024-12-13 09:51:42 : maxbasekv>> 161.0
2024-12-13 09:51:42 : minbasekv>> 161.0
2024-12-17 14:17:29 : args["NUMZONE"]>> 1
2024-12-17 14:17:29 : args["ZONES"]>> [1]
2024-12-17 14:17:29 : userfolder>> ../Data/User/621882
2024-12-17 14:17:29 : maxbasekv>> 161.0
2024-12-17 14:17:29 : minbasekv>> 161.0
2024-12-17 14:17:42 : args["NUMZONE"]>> 1
2024-12-17 14:17:42 : args["ZONES"]>> [1]
2024-12-17 14:17:42 : userfolder>> ../Data/User/621882
2024-12-17 14:17:42 : maxbasekv>> 161.0
2024-12-17 14:17:42 : minbasekv>> 161.0
2024-12-17 14:17:55 : args["NUMZONE"]>> 1
2024-12-17 14:17:55 : args["ZONES"]>> [1]
2024-12-17 14:17:55 : userfolder>> ../Data/User/621882
2024-12-17 14:17:55 : maxbasekv>> 161.0
2024-12-17 14:17:55 : minbasekv>> 161.0
2024-12-17 14:18:08 : args["NUMZONE"]>> 1
2024-12-17 14:18:08 : args["ZONES"]>> [1]
2024-12-17 14:18:08 : userfolder>> ../Data/User/621882
2024-12-17 14:18:08 : maxbasekv>> 161.0
2024-12-17 14:18:08 : minbasekv>> 161.0
2024-12-17 14:18:21 : args["NUMZONE"]>> 1
2024-12-17 14:18:21 : args["ZONES"]>> [1]
2024-12-17 14:18:21 : userfolder>> ../Data/User/621882
2024-12-17 14:18:21 : maxbasekv>> 161.0
2024-12-17 14:18:21 : minbasekv>> 161.0
2024-12-17 14:18:34 : args["NUMZONE"]>> 1
2024-12-17 14:18:34 : args["ZONES"]>> [1]
2024-12-17 14:18:34 : userfolder>> ../Data/User/621882
2024-12-17 14:18:34 : maxbasekv>> 161.0
2024-12-17 14:18:34 : minbasekv>> 161.0
2025-01-06 15:35:27 : args["NUMZONE"]>> 1
2025-01-06 15:35:27 : args["ZONES"]>> [1]
2025-01-06 15:35:27 : userfolder>> ../Data/User/621882
2025-01-06 15:35:27 : maxbasekv>> 161.0
2025-01-06 15:35:27 : minbasekv>> 161.0
2025-01-06 16:00:46 : args["NUMZONE"]>> 1
2025-01-06 16:00:46 : args["ZONES"]>> [1]
2025-01-06 16:00:46 : userfolder>> ../Data/User/621882
2025-01-06 16:00:46 : maxbasekv>> 161.0
2025-01-06 16:00:46 : minbasekv>> 161.0
2025-01-06 16:04:13 : args["NUMZONE"]>> 1
2025-01-06 16:04:13 : args["ZONES"]>> [1]
2025-01-06 16:04:13 : userfolder>> ../Data/User/621882
2025-01-06 16:04:13 : maxbasekv>> 161.0
2025-01-06 16:04:13 : minbasekv>> 161.0
2025-01-06 16:08:10 : args["NUMZONE"]>> 1
2025-01-06 16:08:10 : args["ZONES"]>> [1]
2025-01-06 16:08:10 : userfolder>> ../Data/User/621882
2025-01-06 16:08:10 : maxbasekv>> 161.0
2025-01-06 16:08:10 : minbasekv>> 161.0
2025-01-06 16:10:37 : args["NUMZONE"]>> 1
2025-01-06 16:10:37 : args["ZONES"]>> [18]
2025-01-06 16:10:37 : userfolder>> ../Data/User/621882
2025-01-06 16:10:37 : maxbasekv>> 161.0
2025-01-06 16:10:37 : minbasekv>> 161.0
2025-01-06 16:25:16 : args["NUMZONE"]>> 1
2025-01-06 16:25:16 : args["ZONES"]>> [1]
2025-01-06 16:25:16 : userfolder>> ../Data/User/621882
2025-01-06 16:25:16 : maxbasekv>> 161.0
2025-01-06 16:25:16 : minbasekv>> 161.0
2025-01-06 16:27:35 : args["NUMZONE"]>> 1
2025-01-06 16:27:35 : args["ZONES"]>> [18]
2025-01-06 16:27:35 : userfolder>> ../Data/User/621882
2025-01-06 16:27:35 : maxbasekv>> 161.0
2025-01-06 16:27:35 : minbasekv>> 161.0
2025-01-06 16:45:46 : args["NUMZONE"]>> 3
2025-01-06 16:45:46 : args["ZONES"]>> [18, 19, 20]
2025-01-06 16:45:46 : userfolder>> ../Data/User/621882
2025-01-06 16:45:46 : maxbasekv>> 161.0
2025-01-06 16:45:46 : minbasekv>> 161.0
2025-01-06 16:51:13 : args["NUMZONE"]>> 3
2025-01-06 16:51:13 : args["ZONES"]>> [18, 19, 20]
2025-01-06 16:51:13 : userfolder>> ../Data/User/621882
2025-01-06 16:51:13 : maxbasekv>> 161.0
2025-01-06 16:51:13 : minbasekv>> 161.0
2025-01-06 16:57:32 : args["NUMZONE"]>> 3
2025-01-06 16:57:32 : args["ZONES"]>> [18, 19, 20]
2025-01-06 16:57:32 : userfolder>> ../Data/User/621882
2025-01-06 16:57:32 : maxbasekv>> 161.0
2025-01-06 16:57:32 : minbasekv>> 161.0
2025-01-06 16:58:06 : args["NUMZONE"]>> 3
2025-01-06 16:58:06 : args["ZONES"]>> [18, 19, 20]
2025-01-06 16:58:06 : userfolder>> ../Data/User/621882
2025-01-06 16:58:06 : maxbasekv>> 161.0
2025-01-06 16:58:06 : minbasekv>> 161.0
2025-01-06 17:01:18 : args["NUMZONE"]>> 3
2025-01-06 17:01:18 : args["ZONES"]>> [18, 19, 20]
2025-01-06 17:01:18 : userfolder>> ../Data/User/621882
2025-01-06 17:01:18 : maxbasekv>> 161.0
2025-01-06 17:01:18 : minbasekv>> 161.0
2025-01-06 17:05:58 : args["NUMZONE"]>> 3
2025-01-06 17:05:58 : args["ZONES"]>> [18, 19, 20]
2025-01-06 17:05:58 : userfolder>> ../Data/User/621882
2025-01-06 17:05:58 : maxbasekv>> 161.0
2025-01-06 17:05:58 : minbasekv>> 161.0
2025-01-20 13:12:48 : args["NUMZONE"]>> 1
2025-01-20 13:12:48 : args["ZONES"]>> [18]
2025-01-20 13:12:48 : userfolder>> ../Data/User/621882
2025-01-20 13:12:48 : maxbasekv>> 161.0
2025-01-20 13:12:48 : minbasekv>> 161.0
2025-01-20 13:14:51 : args["NUMZONE"]>> 1
2025-01-20 13:14:51 : args["ZONES"]>> [18]
2025-01-20 13:14:51 : userfolder>> ../Data/User/621882
2025-01-20 13:14:51 : maxbasekv>> 161.0
2025-01-20 13:14:51 : minbasekv>> 161.0
2025-01-22 13:14:07 : args["NUMZONE"]>> 1
2025-01-22 13:14:07 : args["ZONES"]>> [1]
2025-01-22 13:14:07 : userfolder>> ../Data/User/621882
2025-01-22 13:14:07 : maxbasekv>> 345.0
2025-01-22 13:14:07 : minbasekv>> 161.0
2025-02-07 11:42:10 : args["NUMZONE"]>> 1
2025-02-07 11:42:10 : args["ZONES"]>> [18]
2025-02-07 11:42:10 : userfolder>> ../Data/User/621882
2025-02-07 11:42:10 : maxbasekv>> 161.0
2025-02-07 11:42:10 : minbasekv>> 161.0
2025-02-07 13:02:54 : args["NUMZONE"]>> 1
2025-02-07 13:02:54 : args["ZONES"]>> [18]
2025-02-07 13:02:54 : userfolder>> ../Data/User/621882
2025-02-07 13:02:54 : maxbasekv>> 161.0
2025-02-07 13:02:54 : minbasekv>> 161.0
2025-02-07 14:24:48 : args["NUMZONE"]>> 1
2025-02-07 14:24:48 : args["ZONES"]>> [18]
2025-02-07 14:24:48 : userfolder>> ../Data/User/621882
2025-02-07 14:24:48 : maxbasekv>> 161.0
2025-02-07 14:24:48 : minbasekv>> 161.0
2025-02-12 16:28:29 : args["NUMZONE"]>> 1
2025-02-12 16:28:29 : args["ZONES"]>> [1]
2025-02-12 16:28:29 : userfolder>> ../Data/User/621882
2025-02-12 16:28:29 : maxbasekv>> 161.0
2025-02-12 16:28:29 : minbasekv>> 161.0
2025-02-14 16:52:37 : args["NUMZONE"]>> 1
2025-02-14 16:52:37 : args["ZONES"]>> [1]
2025-02-14 16:52:37 : userfolder>> ../Data/User/621882
2025-02-14 16:52:37 : maxbasekv>> 161.0
2025-02-14 16:52:37 : minbasekv>> 161.0
2025-02-14 16:54:11 : args["NUMZONE"]>> 1
2025-02-14 16:54:11 : args["ZONES"]>> [1]
2025-02-14 16:54:11 : userfolder>> ../Data/User/621882
2025-02-14 16:54:11 : maxbasekv>> 161.0
2025-02-14 16:54:11 : minbasekv>> 161.0
2025-02-14 16:58:21 : args["NUMZONE"]>> 1
2025-02-14 16:58:21 : args["ZONES"]>> [1]
2025-02-14 16:58:21 : userfolder>> ../Data/User/621882
2025-02-14 16:58:21 : maxbasekv>> 161.0
2025-02-14 16:58:21 : minbasekv>> 161.0
2025-02-17 09:34:09 : args["NUMZONE"]>> 1
2025-02-17 09:34:09 : args["ZONES"]>> [1]
2025-02-17 09:34:09 : userfolder>> ../Data/User/621882
2025-02-17 09:34:09 : maxbasekv>> 345.0
2025-02-17 09:34:09 : minbasekv>> 161.0
2025-02-17 09:40:55 : args["NUMZONE"]>> 1
2025-02-17 09:40:55 : args["ZONES"]>> [1]
2025-02-17 09:40:55 : userfolder>> ../Data/User/621882
2025-02-17 09:40:55 : maxbasekv>> 345.0
2025-02-17 09:40:55 : minbasekv>> 161.0
2025-02-17 09:41:08 : args["NUMZONE"]>> 1
2025-02-17 09:41:08 : args["ZONES"]>> [1]
2025-02-17 09:41:08 : userfolder>> ../Data/User/621882
2025-02-17 09:41:08 : maxbasekv>> 345.0
2025-02-17 09:41:08 : minbasekv>> 161.0
2025-02-17 09:47:04 : args["NUMZONE"]>> 1
2025-02-17 09:47:04 : args["ZONES"]>> [1]
2025-02-17 09:47:04 : userfolder>> ../Data/User/621882
2025-02-17 09:47:04 : maxbasekv>> 345.0
2025-02-17 09:47:04 : minbasekv>> 161.0
2025-02-17 16:37:01 : args["NUMZONE"]>> 1
2025-02-17 16:37:01 : args["ZONES"]>> [1]
2025-02-17 16:37:01 : userfolder>> ../Data/User/621882
2025-02-17 16:37:01 : maxbasekv>> 161.0
2025-02-17 16:37:01 : minbasekv>> 161.0
2025-02-17 16:43:53 : args["NUMZONE"]>> 1
2025-02-17 16:43:53 : args["ZONES"]>> [1]
2025-02-17 16:43:53 : userfolder>> ../Data/User/621882
2025-02-17 16:43:53 : maxbasekv>> 161.0
2025-02-17 16:43:53 : minbasekv>> 161.0
