2024-12-10 16:38:57 : 115P load的num和name取得成功

2024-12-10 16:39:09 : 115P area的num和name取得成功

2024-12-10 16:39:09 : 115P area的num和name取得成功

2024-12-10 16:39:22 : 115P bus的num和name取得成功

2024-12-10 16:39:22 : 115P bus的num和name取得成功

2024-12-10 16:39:22 : 115P bus的num和name取得成功

2024-12-10 16:39:35 : 115P zone的num和name取得成功

2024-12-10 16:39:35 : 115P zone的num和name取得成功

2024-12-10 16:39:35 : 115P zone的num和name取得成功

2024-12-10 16:39:35 : 115P zone的num和name取得成功

2024-12-10 16:39:49 : 115P owner的num和name取得成功

2024-12-10 16:39:49 : 115P owner的num和name取得成功

2024-12-10 16:39:49 : 115P owner的num和name取得成功

2024-12-10 16:39:49 : 115P owner的num和name取得成功

2024-12-10 16:39:49 : 115P owner的num和name取得成功

2024-12-10 16:40:01 : 115P machine的num和name取得成功

2024-12-10 16:40:01 : 115P machine的num和name取得成功

2024-12-10 16:40:01 : 115P machine的num和name取得成功

2024-12-10 16:40:01 : 115P machine的num和name取得成功

2024-12-10 16:40:01 : 115P machine的num和name取得成功

2024-12-10 16:40:01 : 115P machine的num和name取得成功

2024-12-10 16:40:14 : 115P tripline的num和name取得成功

2024-12-10 16:40:14 : 115P tripline的num和name取得成功

2024-12-10 16:40:14 : 115P tripline的num和name取得成功

2024-12-10 16:40:14 : 115P tripline的num和name取得成功

2024-12-10 16:40:14 : 115P tripline的num和name取得成功

2024-12-10 16:40:14 : 115P tripline的num和name取得成功

2024-12-10 16:40:14 : 115P tripline的num和name取得成功

2024-12-10 16:41:31 : 115P load的num和name取得成功

2024-12-10 16:41:44 : 115P area的num和name取得成功

2024-12-10 16:41:44 : 115P area的num和name取得成功

2024-12-10 16:41:57 : 115P bus的num和name取得成功

2024-12-10 16:41:57 : 115P bus的num和name取得成功

2024-12-10 16:41:57 : 115P bus的num和name取得成功

2024-12-10 16:44:31 : 115P load的num和name取得成功

2024-12-10 16:44:44 : 115P area的num和name取得成功

2024-12-10 16:44:44 : 115P area的num和name取得成功

2024-12-10 16:45:20 : 115P load的num和name取得成功

2024-12-10 16:45:33 : 115P area的num和name取得成功

2024-12-10 16:45:33 : 115P area的num和name取得成功

2024-12-10 16:45:46 : 115P bus的num和name取得成功

2024-12-10 16:45:46 : 115P bus的num和name取得成功

2024-12-10 16:45:46 : 115P bus的num和name取得成功

2024-12-10 16:48:10 : 115P load的num和name取得成功

2024-12-10 16:48:24 : 115P area的num和name取得成功

2024-12-10 16:48:24 : 115P area的num和name取得成功

2024-12-10 16:48:36 : 115P bus的num和name取得成功

2024-12-10 16:48:36 : 115P bus的num和name取得成功

2024-12-10 16:48:36 : 115P bus的num和name取得成功

2024-12-10 16:48:49 : 115P zone的num和name取得成功

2024-12-10 16:48:49 : 115P zone的num和name取得成功

2024-12-10 16:48:49 : 115P zone的num和name取得成功

2024-12-10 16:48:49 : 115P zone的num和name取得成功

2024-12-10 16:49:02 : 115P owner的num和name取得成功

2024-12-10 16:49:02 : 115P owner的num和name取得成功

2024-12-10 16:49:02 : 115P owner的num和name取得成功

2024-12-10 16:49:02 : 115P owner的num和name取得成功

2024-12-10 16:49:02 : 115P owner的num和name取得成功

2024-12-10 16:49:15 : 115P machine的num和name取得成功

2024-12-10 16:49:15 : 115P machine的num和name取得成功

2024-12-10 16:49:15 : 115P machine的num和name取得成功

2024-12-10 16:49:15 : 115P machine的num和name取得成功

2024-12-10 16:49:15 : 115P machine的num和name取得成功

2024-12-10 16:49:15 : 115P machine的num和name取得成功

2024-12-10 16:49:28 : 115P tripline的num和name取得成功

2024-12-10 16:49:28 : 115P tripline的num和name取得成功

2024-12-10 16:49:28 : 115P tripline的num和name取得成功

2024-12-10 16:49:28 : 115P tripline的num和name取得成功

2024-12-10 16:49:28 : 115P tripline的num和name取得成功

2024-12-10 16:49:28 : 115P tripline的num和name取得成功

2024-12-10 16:49:28 : 115P tripline的num和name取得成功

2024-12-10 16:50:12 : 115P load的num和name取得成功

2024-12-10 16:50:25 : 115P area的num和name取得成功

2024-12-10 16:50:25 : 115P area的num和name取得成功

2024-12-10 16:50:39 : 115P bus的num和name取得成功

2024-12-10 16:50:39 : 115P bus的num和name取得成功

2024-12-10 16:50:39 : 115P bus的num和name取得成功

2024-12-10 16:52:21 : 115P load的num和name取得成功

2024-12-10 16:52:34 : 115P area的num和name取得成功

2024-12-10 16:52:34 : 115P area的num和name取得成功

2024-12-10 16:52:46 : 115P bus的num和name取得成功

2024-12-10 16:52:46 : 115P bus的num和name取得成功

2024-12-10 16:52:46 : 115P bus的num和name取得成功

2024-12-10 16:52:59 : 115P zone的num和name取得成功

2024-12-10 16:52:59 : 115P zone的num和name取得成功

2024-12-10 16:52:59 : 115P zone的num和name取得成功

2024-12-10 16:52:59 : 115P zone的num和name取得成功

2024-12-10 16:53:12 : 115P owner的num和name取得成功

2024-12-10 16:53:12 : 115P owner的num和name取得成功

2024-12-10 16:53:12 : 115P owner的num和name取得成功

2024-12-10 16:53:12 : 115P owner的num和name取得成功

2024-12-10 16:53:12 : 115P owner的num和name取得成功

2024-12-10 16:53:24 : 115P machine的num和name取得成功

2024-12-10 16:53:24 : 115P machine的num和name取得成功

2024-12-10 16:53:24 : 115P machine的num和name取得成功

2024-12-10 16:53:24 : 115P machine的num和name取得成功

2024-12-10 16:53:24 : 115P machine的num和name取得成功

2024-12-10 16:53:24 : 115P machine的num和name取得成功

2024-12-10 16:53:37 : 115P tripline的num和name取得成功

2024-12-10 16:53:37 : 115P tripline的num和name取得成功

2024-12-10 16:53:37 : 115P tripline的num和name取得成功

2024-12-10 16:53:37 : 115P tripline的num和name取得成功

2024-12-10 16:53:37 : 115P tripline的num和name取得成功

2024-12-10 16:53:37 : 115P tripline的num和name取得成功

2024-12-10 16:53:37 : 115P tripline的num和name取得成功

2024-12-11 14:52:06 : 115P load的num和name取得成功

2024-12-11 14:52:55 : 115P area的num和name取得成功

2024-12-11 14:52:55 : 115P area的num和name取得成功

2024-12-11 14:53:44 : 115P bus的num和name取得成功

2024-12-11 14:53:44 : 115P bus的num和name取得成功

2024-12-11 14:53:44 : 115P bus的num和name取得成功

2024-12-11 14:54:33 : 115P zone的num和name取得成功

2024-12-11 14:54:33 : 115P zone的num和name取得成功

2024-12-11 14:54:33 : 115P zone的num和name取得成功

2024-12-11 14:54:33 : 115P zone的num和name取得成功

2024-12-11 14:55:22 : 115P owner的num和name取得成功

2024-12-11 14:55:22 : 115P owner的num和name取得成功

2024-12-11 14:55:22 : 115P owner的num和name取得成功

2024-12-11 14:55:22 : 115P owner的num和name取得成功

2024-12-11 14:55:22 : 115P owner的num和name取得成功

2024-12-11 14:56:11 : 115P machine的num和name取得成功

2024-12-11 14:56:11 : 115P machine的num和name取得成功

2024-12-11 14:56:11 : 115P machine的num和name取得成功

2024-12-11 14:56:11 : 115P machine的num和name取得成功

2024-12-11 14:56:11 : 115P machine的num和name取得成功

2024-12-11 14:56:11 : 115P machine的num和name取得成功

2024-12-11 14:57:00 : 115P tripline的num和name取得成功

2024-12-11 14:57:00 : 115P tripline的num和name取得成功

2024-12-11 14:57:00 : 115P tripline的num和name取得成功

2024-12-11 14:57:00 : 115P tripline的num和name取得成功

2024-12-11 14:57:00 : 115P tripline的num和name取得成功

2024-12-11 14:57:00 : 115P tripline的num和name取得成功

2024-12-11 14:57:00 : 115P tripline的num和name取得成功

2024-12-11 15:32:20 : 114P load的num和name取得成功

2024-12-11 15:32:20 : 114P load的num和name取得成功

2024-12-11 15:32:20 : 114P load的num和name取得成功

2024-12-11 15:32:20 : 114P load的num和name取得成功

2024-12-11 15:32:20 : 114P load的num和name取得成功

2024-12-11 15:32:20 : 114P load的num和name取得成功

2024-12-11 15:32:20 : 114P load的num和name取得成功

2024-12-11 15:32:20 : 114P load的num和name取得成功

2024-12-11 15:32:32 : 114P area的num和name取得成功

2024-12-11 15:32:32 : 114P area的num和name取得成功

2024-12-11 15:32:32 : 114P area的num和name取得成功

2024-12-11 15:32:32 : 114P area的num和name取得成功

2024-12-11 15:32:32 : 114P area的num和name取得成功

2024-12-11 15:32:32 : 114P area的num和name取得成功

2024-12-11 15:32:32 : 114P area的num和name取得成功

2024-12-11 15:32:32 : 114P area的num和name取得成功

2024-12-11 15:32:32 : 114P area的num和name取得成功

2024-12-11 15:32:45 : 114P bus的num和name取得成功

2024-12-11 15:32:45 : 114P bus的num和name取得成功

2024-12-11 15:32:45 : 114P bus的num和name取得成功

2024-12-11 15:32:45 : 114P bus的num和name取得成功

2024-12-11 15:32:45 : 114P bus的num和name取得成功

2024-12-11 15:32:45 : 114P bus的num和name取得成功

2024-12-11 15:32:45 : 114P bus的num和name取得成功

2024-12-11 15:32:45 : 114P bus的num和name取得成功

2024-12-11 15:32:45 : 114P bus的num和name取得成功

2024-12-11 15:32:45 : 114P bus的num和name取得成功

2024-12-11 15:32:58 : 114P zone的num和name取得成功

2024-12-11 15:32:58 : 114P zone的num和name取得成功

2024-12-11 15:32:58 : 114P zone的num和name取得成功

2024-12-11 15:32:58 : 114P zone的num和name取得成功

2024-12-11 15:32:58 : 114P zone的num和name取得成功

2024-12-11 15:32:58 : 114P zone的num和name取得成功

2024-12-11 15:32:58 : 114P zone的num和name取得成功

2024-12-11 15:32:58 : 114P zone的num和name取得成功

2024-12-11 15:32:58 : 114P zone的num和name取得成功

2024-12-11 15:32:58 : 114P zone的num和name取得成功

2024-12-11 15:32:58 : 114P zone的num和name取得成功

2024-12-11 15:33:10 : 114P owner的num和name取得成功

2024-12-11 15:33:10 : 114P owner的num和name取得成功

2024-12-11 15:33:10 : 114P owner的num和name取得成功

2024-12-11 15:33:10 : 114P owner的num和name取得成功

2024-12-11 15:33:10 : 114P owner的num和name取得成功

2024-12-11 15:33:10 : 114P owner的num和name取得成功

2024-12-11 15:33:10 : 114P owner的num和name取得成功

2024-12-11 15:33:10 : 114P owner的num和name取得成功

2024-12-11 15:33:10 : 114P owner的num和name取得成功

2024-12-11 15:33:10 : 114P owner的num和name取得成功

2024-12-11 15:33:10 : 114P owner的num和name取得成功

2024-12-11 15:33:10 : 114P owner的num和name取得成功

2024-12-11 15:33:24 : 114P machine的num和name取得成功

2024-12-11 15:33:24 : 114P machine的num和name取得成功

2024-12-11 15:33:24 : 114P machine的num和name取得成功

2024-12-11 15:33:24 : 114P machine的num和name取得成功

2024-12-11 15:33:24 : 114P machine的num和name取得成功

2024-12-11 15:33:24 : 114P machine的num和name取得成功

2024-12-11 15:33:24 : 114P machine的num和name取得成功

2024-12-11 15:33:24 : 114P machine的num和name取得成功

2024-12-11 15:33:24 : 114P machine的num和name取得成功

2024-12-11 15:33:24 : 114P machine的num和name取得成功

2024-12-11 15:33:24 : 114P machine的num和name取得成功

2024-12-11 15:33:24 : 114P machine的num和name取得成功

2024-12-11 15:33:24 : 114P machine的num和name取得成功

2024-12-11 15:33:38 : 114P tripline的num和name取得成功

2024-12-11 15:33:38 : 114P tripline的num和name取得成功

2024-12-11 15:33:38 : 114P tripline的num和name取得成功

2024-12-11 15:33:38 : 114P tripline的num和name取得成功

2024-12-11 15:33:38 : 114P tripline的num和name取得成功

2024-12-11 15:33:38 : 114P tripline的num和name取得成功

2024-12-11 15:33:38 : 114P tripline的num和name取得成功

2024-12-11 15:33:38 : 114P tripline的num和name取得成功

2024-12-11 15:33:38 : 114P tripline的num和name取得成功

2024-12-11 15:33:38 : 114P tripline的num和name取得成功

2024-12-11 15:33:38 : 114P tripline的num和name取得成功

2024-12-11 15:33:38 : 114P tripline的num和name取得成功

2024-12-11 15:33:38 : 114P tripline的num和name取得成功

2024-12-11 15:33:38 : 114P tripline的num和name取得成功

2024-12-12 15:44:04 : 114P load的num和name取得成功

2024-12-12 15:44:54 : 114P area的num和name取得成功

2024-12-12 15:44:54 : 114P area的num和name取得成功

2024-12-12 15:45:43 : 114P bus的num和name取得成功

2024-12-12 15:45:43 : 114P bus的num和name取得成功

2024-12-12 15:45:43 : 114P bus的num和name取得成功

2024-12-12 15:46:33 : 114P zone的num和name取得成功

2024-12-12 15:46:33 : 114P zone的num和name取得成功

2024-12-12 15:46:33 : 114P zone的num和name取得成功

2024-12-12 15:46:33 : 114P zone的num和name取得成功

2024-12-12 15:47:22 : 114P owner的num和name取得成功

2024-12-12 15:47:22 : 114P owner的num和name取得成功

2024-12-12 15:47:22 : 114P owner的num和name取得成功

2024-12-12 15:47:22 : 114P owner的num和name取得成功

2024-12-12 15:47:22 : 114P owner的num和name取得成功

2024-12-12 15:48:12 : 114P machine的num和name取得成功

2024-12-12 15:48:12 : 114P machine的num和name取得成功

2024-12-12 15:48:12 : 114P machine的num和name取得成功

2024-12-12 15:48:12 : 114P machine的num和name取得成功

2024-12-12 15:48:12 : 114P machine的num和name取得成功

2024-12-12 15:48:12 : 114P machine的num和name取得成功

2024-12-12 15:49:01 : 114P tripline的num和name取得成功

2024-12-12 15:49:01 : 114P tripline的num和name取得成功

2024-12-12 15:49:01 : 114P tripline的num和name取得成功

2024-12-12 15:49:01 : 114P tripline的num和name取得成功

2024-12-12 15:49:01 : 114P tripline的num和name取得成功

2024-12-12 15:49:01 : 114P tripline的num和name取得成功

2024-12-12 15:49:01 : 114P tripline的num和name取得成功

2024-12-13 12:32:05 : 114P load的num和name取得成功

2024-12-13 12:32:55 : 114P area的num和name取得成功

2024-12-13 12:32:55 : 114P area的num和name取得成功

2024-12-13 12:33:45 : 114P bus的num和name取得成功

2024-12-13 12:33:45 : 114P bus的num和name取得成功

2024-12-13 12:33:45 : 114P bus的num和name取得成功

2024-12-13 12:34:37 : 114P zone的num和name取得成功

2024-12-13 12:34:37 : 114P zone的num和name取得成功

2024-12-13 12:34:37 : 114P zone的num和name取得成功

2024-12-13 12:34:37 : 114P zone的num和name取得成功

2024-12-13 12:35:28 : 114P owner的num和name取得成功

2024-12-13 12:35:28 : 114P owner的num和name取得成功

2024-12-13 12:35:28 : 114P owner的num和name取得成功

2024-12-13 12:35:28 : 114P owner的num和name取得成功

2024-12-13 12:35:28 : 114P owner的num和name取得成功

2024-12-13 12:36:19 : 114P machine的num和name取得成功

2024-12-13 12:36:19 : 114P machine的num和name取得成功

2024-12-13 12:36:19 : 114P machine的num和name取得成功

2024-12-13 12:36:19 : 114P machine的num和name取得成功

2024-12-13 12:36:19 : 114P machine的num和name取得成功

2024-12-13 12:36:19 : 114P machine的num和name取得成功

2024-12-13 12:37:14 : 114P tripline的num和name取得成功

2024-12-13 12:37:14 : 114P tripline的num和name取得成功

2024-12-13 12:37:14 : 114P tripline的num和name取得成功

2024-12-13 12:37:14 : 114P tripline的num和name取得成功

2024-12-13 12:37:14 : 114P tripline的num和name取得成功

2024-12-13 12:37:14 : 114P tripline的num和name取得成功

2024-12-13 12:37:14 : 114P tripline的num和name取得成功

2024-12-13 12:40:57 : 114P load的num和name取得成功

2024-12-13 12:40:57 : 114P load的num和name取得成功

2024-12-13 12:40:57 : 114P load的num和name取得成功

2024-12-13 12:40:57 : 114P load的num和name取得成功

2024-12-13 12:40:57 : 114P load的num和name取得成功

2024-12-13 12:40:57 : 114P load的num和name取得成功

2024-12-13 12:40:57 : 114P load的num和name取得成功

2024-12-13 12:40:57 : 114P load的num和name取得成功

2024-12-13 12:42:19 : 114P area的num和name取得成功

2024-12-13 12:42:19 : 114P area的num和name取得成功

2024-12-13 12:42:19 : 114P area的num和name取得成功

2024-12-13 12:42:19 : 114P area的num和name取得成功

2024-12-13 12:42:19 : 114P area的num和name取得成功

2024-12-13 12:42:19 : 114P area的num和name取得成功

2024-12-13 12:42:19 : 114P area的num和name取得成功

2024-12-13 12:42:19 : 114P area的num和name取得成功

2024-12-13 12:42:19 : 114P area的num和name取得成功

2024-12-13 12:43:40 : 114P bus的num和name取得成功

2024-12-13 12:43:40 : 114P bus的num和name取得成功

2024-12-13 12:43:40 : 114P bus的num和name取得成功

2024-12-13 12:43:40 : 114P bus的num和name取得成功

2024-12-13 12:43:40 : 114P bus的num和name取得成功

2024-12-13 12:43:40 : 114P bus的num和name取得成功

2024-12-13 12:43:40 : 114P bus的num和name取得成功

2024-12-13 12:43:40 : 114P bus的num和name取得成功

2024-12-13 12:43:40 : 114P bus的num和name取得成功

2024-12-13 12:43:40 : 114P bus的num和name取得成功

2024-12-13 12:45:03 : 114P zone的num和name取得成功

2024-12-13 12:45:03 : 114P zone的num和name取得成功

2024-12-13 12:45:03 : 114P zone的num和name取得成功

2024-12-13 12:45:03 : 114P zone的num和name取得成功

2024-12-13 12:45:03 : 114P zone的num和name取得成功

2024-12-13 12:45:03 : 114P zone的num和name取得成功

2024-12-13 12:45:03 : 114P zone的num和name取得成功

2024-12-13 12:45:03 : 114P zone的num和name取得成功

2024-12-13 12:45:03 : 114P zone的num和name取得成功

2024-12-13 12:45:03 : 114P zone的num和name取得成功

2024-12-13 12:45:03 : 114P zone的num和name取得成功

2024-12-13 12:46:26 : 114P owner的num和name取得成功

2024-12-13 12:46:26 : 114P owner的num和name取得成功

2024-12-13 12:46:26 : 114P owner的num和name取得成功

2024-12-13 12:46:26 : 114P owner的num和name取得成功

2024-12-13 12:46:26 : 114P owner的num和name取得成功

2024-12-13 12:46:26 : 114P owner的num和name取得成功

2024-12-13 12:46:26 : 114P owner的num和name取得成功

2024-12-13 12:46:26 : 114P owner的num和name取得成功

2024-12-13 12:46:26 : 114P owner的num和name取得成功

2024-12-13 12:46:26 : 114P owner的num和name取得成功

2024-12-13 12:46:26 : 114P owner的num和name取得成功

2024-12-13 12:46:26 : 114P owner的num和name取得成功

2024-12-13 12:47:48 : 114P machine的num和name取得成功

2024-12-13 12:47:48 : 114P machine的num和name取得成功

2024-12-13 12:47:48 : 114P machine的num和name取得成功

2024-12-13 12:47:48 : 114P machine的num和name取得成功

2024-12-13 12:47:48 : 114P machine的num和name取得成功

2024-12-13 12:47:48 : 114P machine的num和name取得成功

2024-12-13 12:47:48 : 114P machine的num和name取得成功

2024-12-13 12:47:48 : 114P machine的num和name取得成功

2024-12-13 12:47:48 : 114P machine的num和name取得成功

2024-12-13 12:47:48 : 114P machine的num和name取得成功

2024-12-13 12:47:48 : 114P machine的num和name取得成功

2024-12-13 12:47:48 : 114P machine的num和name取得成功

2024-12-13 12:47:48 : 114P machine的num和name取得成功

2024-12-13 12:49:09 : 114P tripline的num和name取得成功

2024-12-13 12:49:09 : 114P tripline的num和name取得成功

2024-12-13 12:49:09 : 114P tripline的num和name取得成功

2024-12-13 12:49:09 : 114P tripline的num和name取得成功

2024-12-13 12:49:09 : 114P tripline的num和name取得成功

2024-12-13 12:49:09 : 114P tripline的num和name取得成功

2024-12-13 12:49:09 : 114P tripline的num和name取得成功

2024-12-13 12:49:09 : 114P tripline的num和name取得成功

2024-12-13 12:49:09 : 114P tripline的num和name取得成功

2024-12-13 12:49:09 : 114P tripline的num和name取得成功

2024-12-13 12:49:09 : 114P tripline的num和name取得成功

2024-12-13 12:49:09 : 114P tripline的num和name取得成功

2024-12-13 12:49:09 : 114P tripline的num和name取得成功

2024-12-13 12:49:09 : 114P tripline的num和name取得成功

2024-12-13 12:50:52 : 114P load的num和name取得成功

2024-12-13 12:50:52 : 114P load的num和name取得成功

2024-12-13 12:50:52 : 114P load的num和name取得成功

2024-12-13 12:50:52 : 114P load的num和name取得成功

2024-12-13 12:50:52 : 114P load的num和name取得成功

2024-12-13 12:50:52 : 114P load的num和name取得成功

2024-12-13 12:50:52 : 114P load的num和name取得成功

2024-12-13 12:50:52 : 114P load的num和name取得成功

2024-12-13 12:50:52 : 114P load的num和name取得成功

2024-12-13 12:50:52 : 114P load的num和name取得成功

2024-12-13 12:50:52 : 114P load的num和name取得成功

2024-12-13 12:50:52 : 114P load的num和name取得成功

2024-12-13 12:50:52 : 114P load的num和name取得成功

2024-12-13 12:50:52 : 114P load的num和name取得成功

2024-12-13 12:50:52 : 114P load的num和name取得成功

2024-12-13 12:51:41 : 114P area的num和name取得成功

2024-12-13 12:51:41 : 114P area的num和name取得成功

2024-12-13 12:51:41 : 114P area的num和name取得成功

2024-12-13 12:51:41 : 114P area的num和name取得成功

2024-12-13 12:51:41 : 114P area的num和name取得成功

2024-12-13 12:51:41 : 114P area的num和name取得成功

2024-12-13 12:51:41 : 114P area的num和name取得成功

2024-12-13 12:51:41 : 114P area的num和name取得成功

2024-12-13 12:51:41 : 114P area的num和name取得成功

2024-12-13 12:51:41 : 114P area的num和name取得成功

2024-12-13 12:51:41 : 114P area的num和name取得成功

2024-12-13 12:51:41 : 114P area的num和name取得成功

2024-12-13 12:51:41 : 114P area的num和name取得成功

2024-12-13 12:51:41 : 114P area的num和name取得成功

2024-12-13 12:51:41 : 114P area的num和name取得成功

2024-12-13 12:51:41 : 114P area的num和name取得成功

2024-12-13 12:52:31 : 114P bus的num和name取得成功

2024-12-13 12:52:31 : 114P bus的num和name取得成功

2024-12-13 12:52:31 : 114P bus的num和name取得成功

2024-12-13 12:52:31 : 114P bus的num和name取得成功

2024-12-13 12:52:31 : 114P bus的num和name取得成功

2024-12-13 12:52:31 : 114P bus的num和name取得成功

2024-12-13 12:52:31 : 114P bus的num和name取得成功

2024-12-13 12:52:31 : 114P bus的num和name取得成功

2024-12-13 12:52:31 : 114P bus的num和name取得成功

2024-12-13 12:52:31 : 114P bus的num和name取得成功

2024-12-13 12:52:31 : 114P bus的num和name取得成功

2024-12-13 12:52:31 : 114P bus的num和name取得成功

2024-12-13 12:52:31 : 114P bus的num和name取得成功

2024-12-13 12:52:31 : 114P bus的num和name取得成功

2024-12-13 12:52:31 : 114P bus的num和name取得成功

2024-12-13 12:52:31 : 114P bus的num和name取得成功

2024-12-13 12:52:31 : 114P bus的num和name取得成功

2024-12-13 12:53:19 : 114P zone的num和name取得成功

2024-12-13 12:53:19 : 114P zone的num和name取得成功

2024-12-13 12:53:19 : 114P zone的num和name取得成功

2024-12-13 12:53:19 : 114P zone的num和name取得成功

2024-12-13 12:53:19 : 114P zone的num和name取得成功

2024-12-13 12:53:19 : 114P zone的num和name取得成功

2024-12-13 12:53:19 : 114P zone的num和name取得成功

2024-12-13 12:53:19 : 114P zone的num和name取得成功

2024-12-13 12:53:19 : 114P zone的num和name取得成功

2024-12-13 12:53:19 : 114P zone的num和name取得成功

2024-12-13 12:53:19 : 114P zone的num和name取得成功

2024-12-13 12:53:19 : 114P zone的num和name取得成功

2024-12-13 12:53:19 : 114P zone的num和name取得成功

2024-12-13 12:53:19 : 114P zone的num和name取得成功

2024-12-13 12:53:19 : 114P zone的num和name取得成功

2024-12-13 12:53:19 : 114P zone的num和name取得成功

2024-12-13 12:53:19 : 114P zone的num和name取得成功

2024-12-13 12:53:19 : 114P zone的num和name取得成功

2024-12-13 12:54:09 : 114P owner的num和name取得成功

2024-12-13 12:54:09 : 114P owner的num和name取得成功

2024-12-13 12:54:09 : 114P owner的num和name取得成功

2024-12-13 12:54:09 : 114P owner的num和name取得成功

2024-12-13 12:54:09 : 114P owner的num和name取得成功

2024-12-13 12:54:09 : 114P owner的num和name取得成功

2024-12-13 12:54:09 : 114P owner的num和name取得成功

2024-12-13 12:54:09 : 114P owner的num和name取得成功

2024-12-13 12:54:09 : 114P owner的num和name取得成功

2024-12-13 12:54:09 : 114P owner的num和name取得成功

2024-12-13 12:54:09 : 114P owner的num和name取得成功

2024-12-13 12:54:09 : 114P owner的num和name取得成功

2024-12-13 12:54:09 : 114P owner的num和name取得成功

2024-12-13 12:54:09 : 114P owner的num和name取得成功

2024-12-13 12:54:09 : 114P owner的num和name取得成功

2024-12-13 12:54:09 : 114P owner的num和name取得成功

2024-12-13 12:54:09 : 114P owner的num和name取得成功

2024-12-13 12:54:09 : 114P owner的num和name取得成功

2024-12-13 12:54:09 : 114P owner的num和name取得成功

2024-12-13 12:54:58 : 114P machine的num和name取得成功

2024-12-13 12:54:58 : 114P machine的num和name取得成功

2024-12-13 12:54:58 : 114P machine的num和name取得成功

2024-12-13 12:54:58 : 114P machine的num和name取得成功

2024-12-13 12:54:58 : 114P machine的num和name取得成功

2024-12-13 12:54:58 : 114P machine的num和name取得成功

2024-12-13 12:54:58 : 114P machine的num和name取得成功

2024-12-13 12:54:58 : 114P machine的num和name取得成功

2024-12-13 12:54:58 : 114P machine的num和name取得成功

2024-12-13 12:54:58 : 114P machine的num和name取得成功

2024-12-13 12:54:58 : 114P machine的num和name取得成功

2024-12-13 12:54:58 : 114P machine的num和name取得成功

2024-12-13 12:54:58 : 114P machine的num和name取得成功

2024-12-13 12:54:58 : 114P machine的num和name取得成功

2024-12-13 12:54:58 : 114P machine的num和name取得成功

2024-12-13 12:54:58 : 114P machine的num和name取得成功

2024-12-13 12:54:58 : 114P machine的num和name取得成功

2024-12-13 12:54:58 : 114P machine的num和name取得成功

2024-12-13 12:54:58 : 114P machine的num和name取得成功

2024-12-13 12:54:58 : 114P machine的num和name取得成功

2024-12-13 12:55:47 : 114P tripline的num和name取得成功

2024-12-13 12:55:47 : 114P tripline的num和name取得成功

2024-12-13 12:55:47 : 114P tripline的num和name取得成功

2024-12-13 12:55:47 : 114P tripline的num和name取得成功

2024-12-13 12:55:47 : 114P tripline的num和name取得成功

2024-12-13 12:55:47 : 114P tripline的num和name取得成功

2024-12-13 12:55:47 : 114P tripline的num和name取得成功

2024-12-13 12:55:47 : 114P tripline的num和name取得成功

2024-12-13 12:55:47 : 114P tripline的num和name取得成功

2024-12-13 12:55:47 : 114P tripline的num和name取得成功

2024-12-13 12:55:47 : 114P tripline的num和name取得成功

2024-12-13 12:55:47 : 114P tripline的num和name取得成功

2024-12-13 12:55:47 : 114P tripline的num和name取得成功

2024-12-13 12:55:47 : 114P tripline的num和name取得成功

2024-12-13 12:55:47 : 114P tripline的num和name取得成功

2024-12-13 12:55:47 : 114P tripline的num和name取得成功

2024-12-13 12:55:47 : 114P tripline的num和name取得成功

2024-12-13 12:55:47 : 114P tripline的num和name取得成功

2024-12-13 12:55:47 : 114P tripline的num和name取得成功

2024-12-13 12:55:47 : 114P tripline的num和name取得成功

2024-12-13 12:55:47 : 114P tripline的num和name取得成功

2024-12-23 09:39:53 : 115P area的num和name取得成功

2024-12-23 09:41:04 : 115P area的num和name取得成功

2024-12-23 09:41:04 : 115P area的num和name取得成功

2024-12-23 09:42:33 : 115P area的num和name取得成功

2024-12-23 09:42:33 : 115P area的num和name取得成功

2024-12-23 09:42:33 : 115P area的num和name取得成功

2024-12-23 09:46:43 : 115P area的num和name取得成功

2024-12-23 09:48:03 : 115P area的num和name取得成功

2024-12-23 09:48:03 : 115P area的num和name取得成功

2024-12-23 09:49:50 : 115P area的num和name取得成功

2024-12-23 09:49:50 : 115P area的num和name取得成功

2024-12-23 09:49:50 : 115P area的num和name取得成功

2024-12-23 09:52:47 : 115P area的num和name取得成功

2024-12-23 09:52:47 : 115P area的num和name取得成功

2024-12-23 09:52:47 : 115P area的num和name取得成功

2024-12-23 09:52:47 : 115P area的num和name取得成功

2024-12-23 09:54:01 : 115P area的num和name取得成功

2024-12-23 09:54:01 : 115P area的num和name取得成功

2024-12-23 09:54:01 : 115P area的num和name取得成功

2024-12-23 09:54:01 : 115P area的num和name取得成功

2024-12-23 09:54:01 : 115P area的num和name取得成功

2024-12-23 10:02:24 : 115P area的num和name取得成功

2024-12-23 10:02:24 : 115P area的num和name取得成功

2024-12-23 10:02:24 : 115P area的num和name取得成功

2024-12-23 10:02:24 : 115P area的num和name取得成功

2024-12-23 10:02:24 : 115P area的num和name取得成功

2024-12-23 10:02:24 : 115P area的num和name取得成功

2024-12-23 10:03:05 : 115P area的num和name取得成功

2024-12-23 10:03:05 : 115P area的num和name取得成功

2024-12-23 10:03:05 : 115P area的num和name取得成功

2024-12-23 10:03:05 : 115P area的num和name取得成功

2024-12-23 10:03:05 : 115P area的num和name取得成功

2024-12-23 10:03:05 : 115P area的num和name取得成功

2024-12-23 10:03:05 : 115P area的num和name取得成功

2024-12-23 10:22:28 : 115P area的num和name取得成功

2024-12-23 11:02:39 : 115P area的num和name取得成功

2024-12-23 13:33:02 : 115P area的num和name取得成功

