2025-01-21 17:06:40 : args["NUMAREA"]>> 0
2025-01-21 17:06:40 : args["AREAS"]>> []
2025-01-21 17:06:40 : args["NUMZONE"]>> 1
2025-01-21 17:06:40 : args["ZONES"]>> [1]
2025-01-21 17:06:40 : args["NUMOWNER"]>> 0
2025-01-21 17:06:40 : args["OWNERS"]>> []
2025-01-21 17:06:40 : maxbasekv>> 345.0
2025-01-21 17:06:40 : minbasekv>> 0.0
2025-01-21 17:07:20 : args["NUMAREA"]>> 0
2025-01-21 17:07:20 : args["AREAS"]>> []
2025-01-21 17:07:20 : args["NUMZONE"]>> 1
2025-01-21 17:07:20 : args["ZONES"]>> [1]
2025-01-21 17:07:20 : args["NUMOWNER"]>> 0
2025-01-21 17:07:20 : args["OWNERS"]>> []
2025-01-21 17:07:20 : maxbasekv>> 345.0
2025-01-21 17:07:20 : minbasekv>> 0.0
2025-01-21 17:07:52 : args["NUMAREA"]>> 0
2025-01-21 17:07:52 : args["AREAS"]>> []
2025-01-21 17:07:52 : args["NUMZONE"]>> 1
2025-01-21 17:07:52 : args["ZONES"]>> [1]
2025-01-21 17:07:52 : args["NUMOWNER"]>> 0
2025-01-21 17:07:52 : args["OWNERS"]>> []
2025-01-21 17:07:52 : maxbasekv>> 345.0
2025-01-21 17:07:52 : minbasekv>> 69.0
2025-01-21 17:08:24 : args["NUMAREA"]>> 1
2025-01-21 17:08:24 : args["AREAS"]>> [1]
2025-01-21 17:08:24 : args["NUMZONE"]>> 1
2025-01-21 17:08:24 : args["ZONES"]>> [1]
2025-01-21 17:08:24 : args["NUMOWNER"]>> 1
2025-01-21 17:08:24 : args["OWNERS"]>> [1]
2025-01-21 17:08:24 : maxbasekv>> 345.0
2025-01-21 17:08:24 : minbasekv>> 161.0
2025-01-22 16:01:35 : args["NUMAREA"]>> 0
2025-01-22 16:01:35 : args["AREAS"]>> []
2025-01-22 16:01:35 : args["NUMZONE"]>> 1
2025-01-22 16:01:35 : args["ZONES"]>> [1]
2025-01-22 16:01:35 : args["NUMOWNER"]>> 0
2025-01-22 16:01:35 : args["OWNERS"]>> []
2025-01-22 16:01:35 : maxbasekv>> 345.0
2025-01-22 16:01:35 : minbasekv>> 161.0
2025-01-22 16:03:44 : args["NUMAREA"]>> 1
2025-01-22 16:03:44 : args["AREAS"]>> [1]
2025-01-22 16:03:44 : args["NUMZONE"]>> 1
2025-01-22 16:03:44 : args["ZONES"]>> [1]
2025-01-22 16:03:44 : args["NUMOWNER"]>> 0
2025-01-22 16:03:44 : args["OWNERS"]>> []
2025-01-22 16:03:44 : maxbasekv>> 345.0
2025-01-22 16:03:44 : minbasekv>> 161.0
2025-01-22 16:04:47 : args["NUMAREA"]>> 0
2025-01-22 16:04:47 : args["AREAS"]>> []
2025-01-22 16:04:47 : args["NUMZONE"]>> 1
2025-01-22 16:04:47 : args["ZONES"]>> [1]
2025-01-22 16:04:47 : args["NUMOWNER"]>> 0
2025-01-22 16:04:47 : args["OWNERS"]>> []
2025-01-22 16:04:47 : maxbasekv>> 345.0
2025-01-22 16:04:47 : minbasekv>> 0.0
2025-01-22 16:28:48 : args["NUMAREA"]>> 0
2025-01-22 16:28:48 : args["AREAS"]>> []
2025-01-22 16:28:48 : args["NUMZONE"]>> 1
2025-01-22 16:28:48 : args["ZONES"]>> [1]
2025-01-22 16:28:48 : args["NUMOWNER"]>> 0
2025-01-22 16:28:48 : args["OWNERS"]>> []
2025-01-22 16:28:48 : maxbasekv>> 345.0
2025-01-22 16:28:48 : minbasekv>> 161.0
2025-01-22 16:30:42 : args["NUMAREA"]>> 0
2025-01-22 16:30:42 : args["AREAS"]>> []
2025-01-22 16:30:42 : args["NUMZONE"]>> 1
2025-01-22 16:30:42 : args["ZONES"]>> [1]
2025-01-22 16:30:42 : args["NUMOWNER"]>> 0
2025-01-22 16:30:42 : args["OWNERS"]>> []
2025-01-22 16:30:42 : maxbasekv>> 345.0
2025-01-22 16:30:42 : minbasekv>> 161.0
2025-02-13 15:18:12 : args["NUMAREA"]>> 0
2025-02-13 15:18:12 : args["AREAS"]>> []
2025-02-13 15:18:12 : args["NUMZONE"]>> 1
2025-02-13 15:18:12 : args["ZONES"]>> [1]
2025-02-13 15:18:12 : args["NUMOWNER"]>> 0
2025-02-13 15:18:12 : args["OWNERS"]>> []
2025-02-13 15:18:12 : maxbasekv>> 345.0
2025-02-13 15:18:12 : minbasekv>> 161.0
2025-02-13 15:18:54 : args["NUMAREA"]>> 0
2025-02-13 15:18:54 : args["AREAS"]>> []
2025-02-13 15:18:54 : args["NUMZONE"]>> 1
2025-02-13 15:18:54 : args["ZONES"]>> [1]
2025-02-13 15:18:54 : args["NUMOWNER"]>> 0
2025-02-13 15:18:54 : args["OWNERS"]>> []
2025-02-13 15:18:54 : maxbasekv>> 345.0
2025-02-13 15:18:54 : minbasekv>> 161.0
2025-02-13 15:31:46 : args["NUMAREA"]>> 1
2025-02-13 15:31:46 : args["AREAS"]>> [1]
2025-02-13 15:31:46 : args["NUMZONE"]>> 1
2025-02-13 15:31:46 : args["ZONES"]>> [1]
2025-02-13 15:31:46 : args["NUMOWNER"]>> 0
2025-02-13 15:31:46 : args["OWNERS"]>> []
2025-02-13 15:31:46 : maxbasekv>> 161.0
2025-02-13 15:31:46 : minbasekv>> 161.0
2025-02-13 15:32:21 : args["NUMAREA"]>> 1
2025-02-13 15:32:21 : args["AREAS"]>> [1]
2025-02-13 15:32:21 : args["NUMZONE"]>> 1
2025-02-13 15:32:21 : args["ZONES"]>> [1]
2025-02-13 15:32:21 : args["NUMOWNER"]>> 0
2025-02-13 15:32:21 : args["OWNERS"]>> []
2025-02-13 15:32:21 : maxbasekv>> 161.0
2025-02-13 15:32:21 : minbasekv>> 161.0
2025-02-13 15:32:43 : args["NUMAREA"]>> 0
2025-02-13 15:32:43 : args["AREAS"]>> []
2025-02-13 15:32:43 : args["NUMZONE"]>> 1
2025-02-13 15:32:43 : args["ZONES"]>> [1]
2025-02-13 15:32:43 : args["NUMOWNER"]>> 0
2025-02-13 15:32:43 : args["OWNERS"]>> []
2025-02-13 15:32:43 : maxbasekv>> 345.0
2025-02-13 15:32:43 : minbasekv>> 161.0
2025-02-13 15:33:57 : args["NUMAREA"]>> 1
2025-02-13 15:33:57 : args["AREAS"]>> [1]
2025-02-13 15:33:57 : args["NUMZONE"]>> 1
2025-02-13 15:33:57 : args["ZONES"]>> [1]
2025-02-13 15:33:57 : args["NUMOWNER"]>> 0
2025-02-13 15:33:57 : args["OWNERS"]>> []
2025-02-13 15:33:57 : maxbasekv>> 161.0
2025-02-13 15:33:57 : minbasekv>> 161.0
2025-02-13 15:35:37 : args["NUMAREA"]>> 1
2025-02-13 15:35:37 : args["AREAS"]>> [1]
2025-02-13 15:35:37 : args["NUMZONE"]>> 1
2025-02-13 15:35:37 : args["ZONES"]>> [1]
2025-02-13 15:35:37 : args["NUMOWNER"]>> 0
2025-02-13 15:35:37 : args["OWNERS"]>> []
2025-02-13 15:35:37 : maxbasekv>> 161.0
2025-02-13 15:35:37 : minbasekv>> 161.0
2025-02-13 15:41:11 : args["NUMAREA"]>> 1
2025-02-13 15:41:11 : args["AREAS"]>> [1]
2025-02-13 15:41:11 : args["NUMZONE"]>> 1
2025-02-13 15:41:11 : args["ZONES"]>> [1]
2025-02-13 15:41:11 : args["NUMOWNER"]>> 0
2025-02-13 15:41:11 : args["OWNERS"]>> []
2025-02-13 15:41:11 : maxbasekv>> 161.0
2025-02-13 15:41:11 : minbasekv>> 161.0
2025-02-13 15:41:27 : args["NUMAREA"]>> 1
2025-02-13 15:41:27 : args["AREAS"]>> [1]
2025-02-13 15:41:27 : args["NUMZONE"]>> 1
2025-02-13 15:41:27 : args["ZONES"]>> [1]
2025-02-13 15:41:27 : args["NUMOWNER"]>> 0
2025-02-13 15:41:27 : args["OWNERS"]>> []
2025-02-13 15:41:27 : maxbasekv>> 161.0
2025-02-13 15:41:27 : minbasekv>> 161.0
2025-02-13 15:42:36 : args["NUMAREA"]>> 0
2025-02-13 15:42:36 : args["AREAS"]>> []
2025-02-13 15:42:36 : args["NUMZONE"]>> 1
2025-02-13 15:42:36 : args["ZONES"]>> [1]
2025-02-13 15:42:36 : args["NUMOWNER"]>> 0
2025-02-13 15:42:36 : args["OWNERS"]>> []
2025-02-13 15:42:36 : maxbasekv>> 345.0
2025-02-13 15:42:36 : minbasekv>> 161.0
2025-02-13 15:43:43 : args["NUMAREA"]>> 1
2025-02-13 15:43:43 : args["AREAS"]>> [1]
2025-02-13 15:43:43 : args["NUMZONE"]>> 1
2025-02-13 15:43:43 : args["ZONES"]>> [1]
2025-02-13 15:43:43 : args["NUMOWNER"]>> 0
2025-02-13 15:43:43 : args["OWNERS"]>> []
2025-02-13 15:43:43 : maxbasekv>> 161.0
2025-02-13 15:43:43 : minbasekv>> 161.0
2025-02-13 15:44:00 : args["NUMAREA"]>> 1
2025-02-13 15:44:00 : args["AREAS"]>> [1]
2025-02-13 15:44:00 : args["NUMZONE"]>> 1
2025-02-13 15:44:00 : args["ZONES"]>> [1]
2025-02-13 15:44:00 : args["NUMOWNER"]>> 0
2025-02-13 15:44:00 : args["OWNERS"]>> []
2025-02-13 15:44:00 : maxbasekv>> 161.0
2025-02-13 15:44:00 : minbasekv>> 161.0
2025-02-13 15:44:59 : args["NUMAREA"]>> 0
2025-02-13 15:44:59 : args["AREAS"]>> []
2025-02-13 15:44:59 : args["NUMZONE"]>> 1
2025-02-13 15:44:59 : args["ZONES"]>> [1]
2025-02-13 15:44:59 : args["NUMOWNER"]>> 0
2025-02-13 15:44:59 : args["OWNERS"]>> []
2025-02-13 15:44:59 : maxbasekv>> 345.0
2025-02-13 15:44:59 : minbasekv>> 161.0
2025-02-13 15:46:24 : args["NUMAREA"]>> 0
2025-02-13 15:46:24 : args["AREAS"]>> []
2025-02-13 15:46:24 : args["NUMZONE"]>> 1
2025-02-13 15:46:24 : args["ZONES"]>> [1]
2025-02-13 15:46:24 : args["NUMOWNER"]>> 0
2025-02-13 15:46:24 : args["OWNERS"]>> []
2025-02-13 15:46:24 : maxbasekv>> 345.0
2025-02-13 15:46:24 : minbasekv>> 161.0
2025-02-13 15:46:38 : args["NUMAREA"]>> 0
2025-02-13 15:46:38 : args["AREAS"]>> []
2025-02-13 15:46:38 : args["NUMZONE"]>> 1
2025-02-13 15:46:38 : args["ZONES"]>> [1]
2025-02-13 15:46:38 : args["NUMOWNER"]>> 0
2025-02-13 15:46:38 : args["OWNERS"]>> []
2025-02-13 15:46:38 : maxbasekv>> 345.0
2025-02-13 15:46:38 : minbasekv>> 161.0
2025-02-13 16:15:19 : args["NUMAREA"]>> 0
2025-02-13 16:15:19 : args["AREAS"]>> []
2025-02-13 16:15:19 : args["NUMZONE"]>> 1
2025-02-13 16:15:19 : args["ZONES"]>> [1]
2025-02-13 16:15:19 : args["NUMOWNER"]>> 0
2025-02-13 16:15:19 : args["OWNERS"]>> []
2025-02-13 16:15:19 : maxbasekv>> 345.0
2025-02-13 16:15:19 : minbasekv>> 161.0
2025-02-13 16:16:40 : args["NUMAREA"]>> 0
2025-02-13 16:16:40 : args["AREAS"]>> []
2025-02-13 16:16:40 : args["NUMZONE"]>> 1
2025-02-13 16:16:40 : args["ZONES"]>> [18]
2025-02-13 16:16:40 : args["NUMOWNER"]>> 0
2025-02-13 16:16:40 : args["OWNERS"]>> []
2025-02-13 16:16:40 : maxbasekv>> 345.0
2025-02-13 16:16:40 : minbasekv>> 161.0
2025-02-13 16:19:21 : args["NUMAREA"]>> 0
2025-02-13 16:19:21 : args["AREAS"]>> []
2025-02-13 16:19:21 : args["NUMZONE"]>> 1
2025-02-13 16:19:21 : args["ZONES"]>> [18]
2025-02-13 16:19:21 : args["NUMOWNER"]>> 0
2025-02-13 16:19:21 : args["OWNERS"]>> []
2025-02-13 16:19:21 : maxbasekv>> 345.0
2025-02-13 16:19:21 : minbasekv>> 0.0
2025-02-14 09:03:57 : args["NUMAREA"]>> 0
2025-02-14 09:03:57 : args["AREAS"]>> []
2025-02-14 09:03:57 : args["NUMZONE"]>> 1
2025-02-14 09:03:57 : args["ZONES"]>> [18]
2025-02-14 09:03:57 : args["NUMOWNER"]>> 0
2025-02-14 09:03:57 : args["OWNERS"]>> []
2025-02-14 09:03:57 : maxbasekv>> 345.0
2025-02-14 09:03:57 : minbasekv>> 0.0
2025-02-14 09:04:11 : args["NUMAREA"]>> 0
2025-02-14 09:04:11 : args["AREAS"]>> []
2025-02-14 09:04:11 : args["NUMZONE"]>> 1
2025-02-14 09:04:11 : args["ZONES"]>> [18]
2025-02-14 09:04:11 : args["NUMOWNER"]>> 0
2025-02-14 09:04:11 : args["OWNERS"]>> []
2025-02-14 09:04:11 : maxbasekv>> 345.0
2025-02-14 09:04:11 : minbasekv>> 0.0
2025-02-14 09:06:27 : args["NUMAREA"]>> 0
2025-02-14 09:06:27 : args["AREAS"]>> []
2025-02-14 09:06:27 : args["NUMZONE"]>> 1
2025-02-14 09:06:27 : args["ZONES"]>> [1]
2025-02-14 09:06:27 : args["NUMOWNER"]>> 0
2025-02-14 09:06:27 : args["OWNERS"]>> []
2025-02-14 09:06:27 : maxbasekv>> 345.0
2025-02-14 09:06:27 : minbasekv>> 0.0
2025-02-14 09:07:19 : args["NUMAREA"]>> 0
2025-02-14 09:07:19 : args["AREAS"]>> []
2025-02-14 09:07:19 : args["NUMZONE"]>> 1
2025-02-14 09:07:19 : args["ZONES"]>> [1]
2025-02-14 09:07:19 : args["NUMOWNER"]>> 0
2025-02-14 09:07:19 : args["OWNERS"]>> []
2025-02-14 09:07:19 : maxbasekv>> 345.0
2025-02-14 09:07:19 : minbasekv>> 0.0
2025-02-14 09:07:47 : args["NUMAREA"]>> 0
2025-02-14 09:07:47 : args["AREAS"]>> []
2025-02-14 09:07:47 : args["NUMZONE"]>> 1
2025-02-14 09:07:47 : args["ZONES"]>> [18]
2025-02-14 09:07:47 : args["NUMOWNER"]>> 0
2025-02-14 09:07:47 : args["OWNERS"]>> []
2025-02-14 09:07:47 : maxbasekv>> 345.0
2025-02-14 09:07:47 : minbasekv>> 0.0
2025-02-14 09:14:00 : args["NUMAREA"]>> 0
2025-02-14 09:14:00 : args["AREAS"]>> []
2025-02-14 09:14:00 : args["NUMZONE"]>> 1
2025-02-14 09:14:00 : args["ZONES"]>> [1]
2025-02-14 09:14:00 : args["NUMOWNER"]>> 0
2025-02-14 09:14:00 : args["OWNERS"]>> []
2025-02-14 09:14:00 : maxbasekv>> 345.0
2025-02-14 09:14:00 : minbasekv>> 161.0
2025-02-14 09:15:15 : args["NUMAREA"]>> 0
2025-02-14 09:15:15 : args["AREAS"]>> []
2025-02-14 09:15:15 : args["NUMZONE"]>> 1
2025-02-14 09:15:15 : args["ZONES"]>> [18]
2025-02-14 09:15:15 : args["NUMOWNER"]>> 0
2025-02-14 09:15:15 : args["OWNERS"]>> []
2025-02-14 09:15:15 : maxbasekv>> 345.0
2025-02-14 09:15:15 : minbasekv>> 161.0
2025-02-14 09:21:10 : args["NUMAREA"]>> 0
2025-02-14 09:21:10 : args["AREAS"]>> []
2025-02-14 09:21:10 : args["NUMZONE"]>> 1
2025-02-14 09:21:10 : args["ZONES"]>> [18]
2025-02-14 09:21:10 : args["NUMOWNER"]>> 0
2025-02-14 09:21:10 : args["OWNERS"]>> []
2025-02-14 09:21:10 : maxbasekv>> 345.0
2025-02-14 09:21:10 : minbasekv>> 0.0
2025-02-14 09:24:51 : args["NUMAREA"]>> 0
2025-02-14 09:24:51 : args["AREAS"]>> []
2025-02-14 09:24:51 : args["NUMZONE"]>> 1
2025-02-14 09:24:51 : args["ZONES"]>> [18]
2025-02-14 09:24:51 : args["NUMOWNER"]>> 0
2025-02-14 09:24:51 : args["OWNERS"]>> []
2025-02-14 09:24:51 : maxbasekv>> 345.0
2025-02-14 09:24:51 : minbasekv>> 0.0
2025-02-14 11:01:38 : args["NUMAREA"]>> 0
2025-02-14 11:01:38 : args["AREAS"]>> []
2025-02-14 11:01:38 : args["NUMZONE"]>> 1
2025-02-14 11:01:38 : args["ZONES"]>> [3]
2025-02-14 11:01:38 : args["NUMOWNER"]>> 0
2025-02-14 11:01:38 : args["OWNERS"]>> []
2025-02-14 11:01:38 : maxbasekv>> 345.0
2025-02-14 11:01:38 : minbasekv>> 161.0
2025-02-14 11:02:14 : args["NUMAREA"]>> 0
2025-02-14 11:02:14 : args["AREAS"]>> []
2025-02-14 11:02:14 : args["NUMZONE"]>> 1
2025-02-14 11:02:14 : args["ZONES"]>> [1]
2025-02-14 11:02:14 : args["NUMOWNER"]>> 0
2025-02-14 11:02:14 : args["OWNERS"]>> []
2025-02-14 11:02:14 : maxbasekv>> 345.0
2025-02-14 11:02:14 : minbasekv>> 161.0
