2024-12-17 11:29:32 : args["NUMZONE"]>> 0
2024-12-17 11:29:32 : args["ZONES"]>> []
2024-12-17 11:29:32 : userfolder>> ../Data/User/621615
2024-12-17 11:29:32 : maxbasekv>> 345.0
2024-12-17 11:29:32 : minbasekv>> 161.0
2024-12-17 11:31:08 : args["NUMZONE"]>> 0
2024-12-17 11:31:08 : args["ZONES"]>> []
2024-12-17 11:31:08 : userfolder>> ../Data/User/621615
2024-12-17 11:31:08 : maxbasekv>> 345.0
2024-12-17 11:31:08 : minbasekv>> 161.0
2024-12-17 11:31:27 : args["NUMZONE"]>> 0
2024-12-17 11:31:27 : args["ZONES"]>> []
2024-12-17 11:31:27 : userfolder>> ../Data/User/621615
2024-12-17 11:31:27 : maxbasekv>> 345.0
2024-12-17 11:31:27 : minbasekv>> 161.0
2024-12-17 11:31:45 : args["NUMZONE"]>> 0
2024-12-17 11:31:45 : args["ZONES"]>> []
2024-12-17 11:31:45 : userfolder>> ../Data/User/621615
2024-12-17 11:31:45 : maxbasekv>> 345.0
2024-12-17 11:31:45 : minbasekv>> 161.0
2024-12-17 11:32:03 : args["NUMZONE"]>> 0
2024-12-17 11:32:03 : args["ZONES"]>> []
2024-12-17 11:32:03 : userfolder>> ../Data/User/621615
2024-12-17 11:32:03 : maxbasekv>> 345.0
2024-12-17 11:32:03 : minbasekv>> 161.0
2024-12-17 11:32:22 : args["NUMZONE"]>> 0
2024-12-17 11:32:22 : args["ZONES"]>> []
2024-12-17 11:32:22 : userfolder>> ../Data/User/621615
2024-12-17 11:32:22 : maxbasekv>> 345.0
2024-12-17 11:32:22 : minbasekv>> 161.0
2024-12-17 11:32:40 : args["NUMZONE"]>> 0
2024-12-17 11:32:40 : args["ZONES"]>> []
2024-12-17 11:32:40 : userfolder>> ../Data/User/621615
2024-12-17 11:32:40 : maxbasekv>> 345.0
2024-12-17 11:32:40 : minbasekv>> 161.0
2024-12-17 11:33:21 : args["NUMZONE"]>> 0
2024-12-17 11:33:21 : args["ZONES"]>> []
2024-12-17 11:33:21 : userfolder>> ../Data/User/621615
2024-12-17 11:33:21 : maxbasekv>> 345.0
2024-12-17 11:33:21 : minbasekv>> 161.0
2024-12-17 11:36:06 : args["NUMZONE"]>> 0
2024-12-17 11:36:06 : args["ZONES"]>> []
2024-12-17 11:36:06 : userfolder>> ../Data/User/621615
2024-12-17 11:36:06 : maxbasekv>> 345.0
2024-12-17 11:36:06 : minbasekv>> 161.0
2024-12-17 11:36:24 : args["NUMZONE"]>> 0
2024-12-17 11:36:24 : args["ZONES"]>> []
2024-12-17 11:36:24 : userfolder>> ../Data/User/621615
2024-12-17 11:36:24 : maxbasekv>> 345.0
2024-12-17 11:36:24 : minbasekv>> 161.0
2025-01-09 11:06:10 : args["NUMZONE"]>> 1
2025-01-09 11:06:10 : args["ZONES"]>> [1]
2025-01-09 11:06:10 : userfolder>> ../Data/User/621615
2025-01-09 11:06:10 : maxbasekv>> 345.0
2025-01-09 11:06:10 : minbasekv>> 161.0
2025-01-09 11:06:24 : args["NUMZONE"]>> 1
2025-01-09 11:06:24 : args["ZONES"]>> [1]
2025-01-09 11:06:24 : userfolder>> ../Data/User/621615
2025-01-09 11:06:24 : maxbasekv>> 345.0
2025-01-09 11:06:24 : minbasekv>> 161.0
2025-01-09 11:14:12 : args["NUMZONE"]>> 1
2025-01-09 11:14:12 : args["ZONES"]>> [7]
2025-01-09 11:14:12 : userfolder>> ../Data/User/621615
2025-01-09 11:14:12 : maxbasekv>> 345.0
2025-01-09 11:14:12 : minbasekv>> 161.0
2025-01-09 11:14:26 : args["NUMZONE"]>> 1
2025-01-09 11:14:26 : args["ZONES"]>> [7]
2025-01-09 11:14:26 : userfolder>> ../Data/User/621615
2025-01-09 11:14:26 : maxbasekv>> 345.0
2025-01-09 11:14:26 : minbasekv>> 161.0
2025-01-21 17:04:29 : args["NUMZONE"]>> 1
2025-01-21 17:04:29 : args["ZONES"]>> [3]
2025-01-21 17:04:29 : userfolder>> ../Data/User/621615
2025-01-21 17:04:29 : maxbasekv>> 345.0
2025-01-21 17:04:29 : minbasekv>> 161.0
2025-01-22 16:27:46 : args["NUMZONE"]>> 1
2025-01-22 16:27:46 : args["ZONES"]>> [1]
2025-01-22 16:27:46 : userfolder>> ../Data/User/621615
2025-01-22 16:27:46 : maxbasekv>> 345.0
2025-01-22 16:27:46 : minbasekv>> 161.0
2025-02-13 14:07:47 : args["NUMZONE"]>> 1
2025-02-13 14:07:47 : args["ZONES"]>> [1]
2025-02-13 14:07:47 : userfolder>> ../Data/User/621615
2025-02-13 14:07:47 : maxbasekv>> 345.0
2025-02-13 14:07:47 : minbasekv>> 161.0
2025-02-13 14:19:14 : args["NUMZONE"]>> 1
2025-02-13 14:19:14 : args["ZONES"]>> [1]
2025-02-13 14:19:14 : userfolder>> ../Data/User/621615
2025-02-13 14:19:14 : maxbasekv>> 345.0
2025-02-13 14:19:14 : minbasekv>> 161.0
2025-02-13 14:28:06 : args["NUMZONE"]>> 1
2025-02-13 14:28:06 : args["ZONES"]>> [1]
2025-02-13 14:28:06 : userfolder>> ../Data/User/621615
2025-02-13 14:28:06 : maxbasekv>> 345.0
2025-02-13 14:28:06 : minbasekv>> 161.0
2025-02-13 14:34:41 : args["NUMZONE"]>> 1
2025-02-13 14:34:41 : args["ZONES"]>> [1]
2025-02-13 14:34:41 : userfolder>> ../Data/User/621615
2025-02-13 14:34:41 : maxbasekv>> 345.0
2025-02-13 14:34:41 : minbasekv>> 161.0
2025-02-13 14:34:55 : args["NUMZONE"]>> 1
2025-02-13 14:34:55 : args["ZONES"]>> [1]
2025-02-13 14:34:55 : userfolder>> ../Data/User/621615
2025-02-13 14:34:55 : maxbasekv>> 345.0
2025-02-13 14:34:55 : minbasekv>> 161.0
2025-02-13 14:35:09 : args["NUMZONE"]>> 1
2025-02-13 14:35:09 : args["ZONES"]>> [1]
2025-02-13 14:35:09 : userfolder>> ../Data/User/621615
2025-02-13 14:35:09 : maxbasekv>> 345.0
2025-02-13 14:35:09 : minbasekv>> 161.0
2025-02-13 14:35:22 : args["NUMZONE"]>> 1
2025-02-13 14:35:22 : args["ZONES"]>> [1]
2025-02-13 14:35:22 : userfolder>> ../Data/User/621615
2025-02-13 14:35:22 : maxbasekv>> 345.0
2025-02-13 14:35:22 : minbasekv>> 161.0
2025-02-13 14:35:35 : args["NUMZONE"]>> 1
2025-02-13 14:35:35 : args["ZONES"]>> [1]
2025-02-13 14:35:35 : userfolder>> ../Data/User/621615
2025-02-13 14:35:35 : maxbasekv>> 345.0
2025-02-13 14:35:35 : minbasekv>> 161.0
2025-02-13 14:35:49 : args["NUMZONE"]>> 1
2025-02-13 14:35:49 : args["ZONES"]>> [1]
2025-02-13 14:35:49 : userfolder>> ../Data/User/621615
2025-02-13 14:35:49 : maxbasekv>> 345.0
2025-02-13 14:35:49 : minbasekv>> 161.0
2025-02-13 14:45:01 : args["NUMZONE"]>> 1
2025-02-13 14:45:01 : args["ZONES"]>> [1]
2025-02-13 14:45:01 : userfolder>> ../Data/User/621615
2025-02-13 14:45:01 : maxbasekv>> 345.0
2025-02-13 14:45:01 : minbasekv>> 161.0
2025-02-13 14:45:14 : args["NUMZONE"]>> 1
2025-02-13 14:45:14 : args["ZONES"]>> [1]
2025-02-13 14:45:14 : userfolder>> ../Data/User/621615
2025-02-13 14:45:14 : maxbasekv>> 345.0
2025-02-13 14:45:14 : minbasekv>> 161.0
2025-02-13 14:45:28 : args["NUMZONE"]>> 1
2025-02-13 14:45:28 : args["ZONES"]>> [1]
2025-02-13 14:45:28 : userfolder>> ../Data/User/621615
2025-02-13 14:45:28 : maxbasekv>> 345.0
2025-02-13 14:45:28 : minbasekv>> 161.0
2025-02-13 14:45:41 : args["NUMZONE"]>> 1
2025-02-13 14:45:41 : args["ZONES"]>> [1]
2025-02-13 14:45:41 : userfolder>> ../Data/User/621615
2025-02-13 14:45:41 : maxbasekv>> 345.0
2025-02-13 14:45:41 : minbasekv>> 161.0
2025-02-13 14:45:55 : args["NUMZONE"]>> 1
2025-02-13 14:45:55 : args["ZONES"]>> [1]
2025-02-13 14:45:55 : userfolder>> ../Data/User/621615
2025-02-13 14:45:55 : maxbasekv>> 345.0
2025-02-13 14:45:55 : minbasekv>> 161.0
2025-02-13 14:47:21 : args["NUMZONE"]>> 1
2025-02-13 14:47:21 : args["ZONES"]>> [1]
2025-02-13 14:47:21 : userfolder>> ../Data/User/621615
2025-02-13 14:47:21 : maxbasekv>> 345.0
2025-02-13 14:47:21 : minbasekv>> 161.0
2025-02-13 14:47:34 : args["NUMZONE"]>> 1
2025-02-13 14:47:34 : args["ZONES"]>> [1]
2025-02-13 14:47:34 : userfolder>> ../Data/User/621615
2025-02-13 14:47:34 : maxbasekv>> 345.0
2025-02-13 14:47:34 : minbasekv>> 161.0
2025-02-13 14:47:47 : args["NUMZONE"]>> 1
2025-02-13 14:47:47 : args["ZONES"]>> [1]
2025-02-13 14:47:47 : userfolder>> ../Data/User/621615
2025-02-13 14:47:47 : maxbasekv>> 345.0
2025-02-13 14:47:47 : minbasekv>> 161.0
2025-02-13 14:48:00 : args["NUMZONE"]>> 1
2025-02-13 14:48:00 : args["ZONES"]>> [1]
2025-02-13 14:48:00 : userfolder>> ../Data/User/621615
2025-02-13 14:48:00 : maxbasekv>> 345.0
2025-02-13 14:48:00 : minbasekv>> 161.0
2025-02-13 14:48:13 : args["NUMZONE"]>> 1
2025-02-13 14:48:13 : args["ZONES"]>> [1]
2025-02-13 14:48:13 : userfolder>> ../Data/User/621615
2025-02-13 14:48:13 : maxbasekv>> 345.0
2025-02-13 14:48:13 : minbasekv>> 161.0
2025-02-13 14:50:09 : args["NUMZONE"]>> 1
2025-02-13 14:50:09 : args["ZONES"]>> [1]
2025-02-13 14:50:09 : userfolder>> ../Data/User/621615
2025-02-13 14:50:09 : maxbasekv>> 345.0
2025-02-13 14:50:09 : minbasekv>> 161.0
2025-02-13 14:56:32 : args["NUMZONE"]>> 1
2025-02-13 14:56:32 : args["ZONES"]>> [7]
2025-02-13 14:56:32 : userfolder>> ../Data/User/621615
2025-02-13 14:56:32 : maxbasekv>> 345.0
2025-02-13 14:56:32 : minbasekv>> 161.0
2025-02-13 15:02:13 : args["NUMZONE"]>> 1
2025-02-13 15:02:13 : args["ZONES"]>> [1]
2025-02-13 15:02:13 : userfolder>> ../Data/User/621615
2025-02-13 15:02:13 : maxbasekv>> 345.0
2025-02-13 15:02:13 : minbasekv>> 161.0
2025-02-13 15:06:25 : args["NUMZONE"]>> 2
2025-02-13 15:06:25 : args["ZONES"]>> [1, 7]
2025-02-13 15:06:25 : userfolder>> ../Data/User/621615
2025-02-13 15:06:25 : maxbasekv>> 345.0
2025-02-13 15:06:25 : minbasekv>> 161.0
2025-02-13 16:14:18 : args["NUMZONE"]>> 1
2025-02-13 16:14:18 : args["ZONES"]>> [1]
2025-02-13 16:14:18 : userfolder>> ../Data/User/621615
2025-02-13 16:14:18 : maxbasekv>> 345.0
2025-02-13 16:14:18 : minbasekv>> 161.0
2025-02-14 09:02:03 : args["NUMZONE"]>> 1
2025-02-14 09:02:03 : args["ZONES"]>> [1]
2025-02-14 09:02:03 : userfolder>> ../Data/User/621615
2025-02-14 09:02:03 : maxbasekv>> 345.0
2025-02-14 09:02:03 : minbasekv>> 161.0
2025-02-14 09:02:16 : args["NUMZONE"]>> 1
2025-02-14 09:02:16 : args["ZONES"]>> [1]
2025-02-14 09:02:16 : userfolder>> ../Data/User/621615
2025-02-14 09:02:16 : maxbasekv>> 345.0
2025-02-14 09:02:16 : minbasekv>> 161.0
2025-02-14 10:09:10 : args["NUMZONE"]>> 2
2025-02-14 10:09:10 : args["ZONES"]>> [1, 7]
2025-02-14 10:09:10 : userfolder>> ../Data/User/621615
2025-02-14 10:09:10 : maxbasekv>> 345.0
2025-02-14 10:09:10 : minbasekv>> 161.0
2025-02-14 10:09:24 : args["NUMZONE"]>> 2
2025-02-14 10:09:24 : args["ZONES"]>> [1, 7]
2025-02-14 10:09:24 : userfolder>> ../Data/User/621615
2025-02-14 10:09:24 : maxbasekv>> 345.0
2025-02-14 10:09:24 : minbasekv>> 161.0
2025-02-14 10:13:25 : args["NUMZONE"]>> 2
2025-02-14 10:13:25 : args["ZONES"]>> [1, 7]
2025-02-14 10:13:25 : userfolder>> ../Data/User/621615
2025-02-14 10:13:25 : maxbasekv>> 345.0
2025-02-14 10:13:25 : minbasekv>> 161.0
2025-02-14 10:13:39 : args["NUMZONE"]>> 2
2025-02-14 10:13:39 : args["ZONES"]>> [1, 7]
2025-02-14 10:13:39 : userfolder>> ../Data/User/621615
2025-02-14 10:13:39 : maxbasekv>> 345.0
2025-02-14 10:13:39 : minbasekv>> 161.0
2025-02-14 10:13:51 : args["NUMZONE"]>> 2
2025-02-14 10:13:51 : args["ZONES"]>> [1, 7]
2025-02-14 10:13:51 : userfolder>> ../Data/User/621615
2025-02-14 10:13:51 : maxbasekv>> 345.0
2025-02-14 10:13:51 : minbasekv>> 161.0
2025-02-14 10:14:04 : args["NUMZONE"]>> 2
2025-02-14 10:14:04 : args["ZONES"]>> [1, 7]
2025-02-14 10:14:04 : userfolder>> ../Data/User/621615
2025-02-14 10:14:04 : maxbasekv>> 345.0
2025-02-14 10:14:04 : minbasekv>> 161.0
2025-02-14 10:14:17 : args["NUMZONE"]>> 2
2025-02-14 10:14:17 : args["ZONES"]>> [1, 7]
2025-02-14 10:14:17 : userfolder>> ../Data/User/621615
2025-02-14 10:14:17 : maxbasekv>> 345.0
2025-02-14 10:14:17 : minbasekv>> 161.0
2025-02-14 10:16:58 : args["NUMZONE"]>> 2
2025-02-14 10:16:58 : args["ZONES"]>> [1, 7]
2025-02-14 10:16:58 : userfolder>> ../Data/User/621615
2025-02-14 10:16:58 : maxbasekv>> 345.0
2025-02-14 10:16:58 : minbasekv>> 161.0
2025-02-14 10:17:11 : args["NUMZONE"]>> 2
2025-02-14 10:17:11 : args["ZONES"]>> [1, 7]
2025-02-14 10:17:11 : userfolder>> ../Data/User/621615
2025-02-14 10:17:11 : maxbasekv>> 345.0
2025-02-14 10:17:11 : minbasekv>> 161.0
2025-02-14 10:17:25 : args["NUMZONE"]>> 2
2025-02-14 10:17:25 : args["ZONES"]>> [1, 7]
2025-02-14 10:17:25 : userfolder>> ../Data/User/621615
2025-02-14 10:17:25 : maxbasekv>> 345.0
2025-02-14 10:17:25 : minbasekv>> 161.0
2025-02-14 10:17:38 : args["NUMZONE"]>> 2
2025-02-14 10:17:38 : args["ZONES"]>> [1, 7]
2025-02-14 10:17:38 : userfolder>> ../Data/User/621615
2025-02-14 10:17:38 : maxbasekv>> 345.0
2025-02-14 10:17:38 : minbasekv>> 161.0
2025-02-14 10:17:52 : args["NUMZONE"]>> 2
2025-02-14 10:17:52 : args["ZONES"]>> [1, 7]
2025-02-14 10:17:52 : userfolder>> ../Data/User/621615
2025-02-14 10:17:52 : maxbasekv>> 345.0
2025-02-14 10:17:52 : minbasekv>> 161.0
